<?xml version="1.0" encoding="UTF-8"?>
<testng-results ignored="0" total="1" passed="1" failed="0" skipped="0">
  <reporter-output>
  </reporter-output>
  <suite started-at="2024-07-16T22:21:56 IST" name="Suite" finished-at="2024-07-16T22:22:06 IST" duration-ms="10039">
    <groups>
    </groups>
    <test started-at="2024-07-16T22:21:56 IST" name="Test" finished-at="2024-07-16T22:22:06 IST" duration-ms="10039">
      <class name="testCases.Logintestcase">
        <test-method is-config="true" signature="setup(java.lang.String)[pri:0, instance:testCases.Logintestcase@12468a38]" started-at="2024-07-16T22:21:56 IST" name="setup" finished-at="2024-07-16T22:22:04 IST" duration-ms="7102" status="PASS">
          <params>
            <param index="0">
              <value>
                <![CDATA[chrome]]>
              </value>
            </param>
          </params>
          <reporter-output>
          </reporter-output>
        </test-method> <!-- setup -->
        <test-method signature="verifylogin()[pri:0, instance:testCases.Logintestcase@12468a38]" started-at="2024-07-16T22:22:04 IST" name="verifylogin" finished-at="2024-07-16T22:22:06 IST" duration-ms="2885" status="PASS">
          <reporter-output>
          </reporter-output>
        </test-method> <!-- verifylogin -->
      </class> <!-- testCases.Logintestcase -->
    </test> <!-- Test -->
  </suite> <!-- Suite -->
</testng-results>
